[Debug] Game Init FINISH
[Debug] [LUA-print] ===========================================================
[Debug] [LUA-print]               LOAD QUICK FRAMEWORK
[Debug] [LUA-print] ===========================================================
[Debug] [LUA-print] [INFO] 
[Debug] [LUA-print] [INFO] # DEBUG                        = 1
[Debug] [LUA-print] [INFO] #
[Debug] [LUA-print] [INFO] # device.platform              = windows
[Debug] [LUA-print] [INFO] # device.model                 = unknown
[Debug] [LUA-print] [INFO] # device.language              = cn
[Debug] [LUA-print] [INFO] # device.writablePath          = C:/Users/Administrator/AppData/Local/summoner/
[Debug] [LUA-print] [INFO] # device.directorySeparator    = \
[Debug] [LUA-print] [INFO] # device.pathSeparator         = ;
[Debug] [LUA-print] [INFO] #
[Debug] [LUA-print] [INFO] # CONFIG_SCREEN_AUTOSCALE      = FIXED_HEIGHT
[Debug] [LUA-print] [INFO] # CONFIG_SCREEN_WIDTH          = 1136.00
[Debug] [LUA-print] [INFO] # CONFIG_SCREEN_HEIGHT         = 640.00
[Debug] [LUA-print] [INFO] # display.widthInPixels        = 1136.00
[Debug] [LUA-print] [INFO] # display.heightInPixels       = 640.00
[Debug] [LUA-print] [INFO] # display.contentScaleFactor   = 1.00
[Debug] [LUA-print] [INFO] # display.width                = 1136.00
[Debug] [LUA-print] [INFO] # display.height               = 640.00
[Debug] [LUA-print] [INFO] # display.cx                   = 568.00
[Debug] [LUA-print] [INFO] # display.cy                   = 320.00
[Debug] [LUA-print] [INFO] # display.left                 = 0.00
[Debug] [LUA-print] [INFO] # display.right                = 1136.00
[Debug] [LUA-print] [INFO] # display.top                  = 640.00
[Debug] [LUA-print] [INFO] # display.bottom               = 0.00
[Debug] [LUA-print] [INFO] # display.c_left               = -568.00
[Debug] [LUA-print] [INFO] # display.c_right              = 568.00
[Debug] [LUA-print] [INFO] # display.c_top                = 320.00
[Debug] [LUA-print] [INFO] # display.c_bottom             = -320.00
[Debug] [LUA-print] [INFO] #
[Debug] [LUA-print] SceneManager.loadScene1
[Debug] [LUA-print] ============Cache Other	music/UI.bank
[Debug] [LUA-print] ============Cache Other	music/Public.bank
[Debug] [LUA-print] ============Cache Other	music/Voice.bank
[Debug] [LUA-print] ============Cache Other	music/Master Bank.strings.bank
[Debug] [LUA-print] ============Cache Other	music/Master Bank.bank
[Debug] [LUA-print] ============Cache Other	music/Music.bank
[Debug] [LUA-print] ============Cache Other	ui_new/g_gamehall/g_gpub/TopTips.csb
[Debug] [LUA-print] ============Cache Other	ui_new/f_fight/WifiTips.csb
[Debug] [LUA-print] ============Cache Other	ui_new/g_gamehall/g_gpub/BuyEnergyPanel.csb
[Debug] [LUA-print] ============Cache Other	ui_new/g_gamehall/g_gpub/BuygoldPanel.csb
[Debug] [LUA-print] ============Cache Other	ui_new/f_fight/ConnectTips.csb
[Debug] [LUA-print] ============Cache Other	ui_new/w_worldmap/AwradItemTips.csb
[Debug] [LUA-print] ============Cache Other	ui_new/g_gamehall/c_chat/RecordTimeButton.csb
[Debug] [LUA-print] ============Cache Other	ui_new/g_gamehall/g_gpub/TipPanel.csb
[Debug] [LUA-print] ============Cache Other	ui_new/l_loading/loading.plist
[Debug] [LUA-print] ============Cache Other	ui_new/i_icon/tencent_logo.plist
[Debug] [LUA-print] ============Cache Other	ui_new/p_public/p_public2.plist
[Debug] [LUA-print] ============Cache Other	ui_new/i_icon/icon_prop.plist
[Debug] [LUA-print] ============Cache Other	ui_new/i_icon/icon_head.plist
[Debug] [LUA-print] ============Cache Other	ui_new/i_icon/icon_skill.plist
[Debug] [LUA-print] ============Cache Other	ui_new/p_public/p_public.plist
[Debug] [LUA-print] ============Cache Other	ui_new/i_icon/i_icon.plist
[Debug] [LUA-print] ============Cache Other	ui_new/l_login/Login_Test.csb
[Debug] [LUA-print] ============Cache Other	ui_new/l_login/UserAgreement.csb
[Debug] [LUA-print] ============Cache Other	ui_new/l_login/Login.csb
[Debug] [LUA-print] ============Cache Other	ui_new/l_login/Loading.csb
[Debug] [LUA-print] ==========addCsb2	ui_new/g_gamehall/g_gpub/TopTips.csb
[Debug] [LUA-print] ==========addCsb2	ui_new/f_fight/WifiTips.csb
[Debug] [LUA-print] ==========addCsb2	ui_new/g_gamehall/g_gpub/BuyEnergyPanel.csb
[Debug] [LUA-print] ==========addCsb2	ui_new/g_gamehall/g_gpub/BuygoldPanel.csb
[Debug] [LUA-print] ==========addCsb2	ui_new/f_fight/ConnectTips.csb
[Debug] [LUA-print] ==========addCsb2	ui_new/w_worldmap/AwradItemTips.csb
[Debug] [LUA-print] ==========addCsb2	ui_new/g_gamehall/c_chat/RecordTimeButton.csb
[Debug] [LUA-print] ==========addCsb2	ui_new/g_gamehall/g_gpub/TipPanel.csb
[Debug] [LUA-print] ==========addTex	ui_new/l_loading/loading.plist
[Debug] [LUA-print] ==========addTex	ui_new/i_icon/tencent_logo.plist
[Debug] [LUA-print] ==========addTex	ui_new/p_public/p_public2.plist
[Debug] [LUA-print] ==========addTex	ui_new/i_icon/icon_prop.plist
[Debug] [LUA-print] ==========addTex	ui_new/i_icon/icon_head.plist
[Debug] [LUA-print] ==========addTex	ui_new/i_icon/icon_skill.plist
[Debug] [LUA-print] ==========addTex	ui_new/p_public/p_public.plist
[Debug] [LUA-print] ==========addTex	ui_new/i_icon/i_icon.plist
[Debug] [LUA-print] ==========addMusic	music/UI.bank
[Debug] [LUA-print] ==========addMusic	music/Public.bank
[Debug] [LUA-print] ==========addMusic	music/Voice.bank
[Debug] [LUA-print] ==========addMusic	music/Master Bank.strings.bank
[Debug] [LUA-print] ==========addMusic	music/Master Bank.bank
[Debug] [LUA-print] ==========addMusic	music/Music.bank
[Debug] [LUA-print] ==========addCsb2	ui_new/l_login/Login_Test.csb
[Debug] [LUA-print] ==========addCsb2	ui_new/l_login/UserAgreement.csb
[Debug] [LUA-print] ==========addCsb2	ui_new/l_login/Login.csb
[Debug] [LUA-print] ==========addCsb2	ui_new/l_login/Loading.csb
[Debug] [LUA-print] =================== Lua raiseEvent !!!!
[Debug] [LUA-print] ===== raise event begin =====709
[Debug] [LUA-print] ----------------- execute callback ------------- begin709
[Debug] [LUA-print] ----------------- execute callback ------------- end709
[Debug] [LUA-print] ===== raise event end =====709
[Debug] performance: CNewCsbLoader Load ui_new/l_login/Login_Test.csb
[Debug] performance: CNewCsbLoader Load ui_new/g_gamehall/g_gpub/BuygoldPanel.csb
[Debug] performance: CNewCsbLoader Load ui_new/f_fight/WifiTips.csb
[Debug] performance: CNewCsbLoader Load ui_new/l_login/UserAgreement.csb
[Debug] performance: CTextureLoader load ui_new/p_public/p_public.plist
[Debug] performance: CTextureLoader load ui_new/i_icon/i_icon.plist
[Debug] performance: CTextureLoader load ui_new/i_icon/icon_skill.plist
[Debug] performance: CTextureLoader load ui_new/i_icon/tencent_logo.plist
[Debug] performance: CNewCsbLoader Load ui_new/l_login/Login.csb
[Debug] performance: CNewCsbLoader Load ui_new/g_gamehall/g_gpub/TopTips.csb
[Debug] performance: CNewCsbLoader Load ui_new/l_login/Loading.csb
[Debug] performance: CNewCsbLoader Load ui_new/f_fight/ConnectTips.csb
[Debug] performance: CNewCsbLoader Load ui_new/g_gamehall/c_chat/RecordTimeButton.csb
[Debug] performance: CNewCsbLoader Load ui_new/w_worldmap/AwradItemTips.csb
[Debug] performance: CNewCsbLoader Load ui_new/g_gamehall/g_gpub/TipPanel.csb
[Debug] performance: CTextureLoader load ui_new/i_icon/icon_head.plist
[Debug] performance: CTextureLoader load ui_new/i_icon/icon_prop.plist
[Debug] performance: CTextureLoader load ui_new/p_public/p_public2.plist
[Debug] performance: CNewCsbLoader Load ui_new/g_gamehall/g_gpub/BuyEnergyPanel.csb
[Debug] performance: CTextureLoader load ui_new/l_loading/loading.plist
[Debug] [LUA-print] Resloader allcount is 26
[Debug] CResManager::setFinishCallback
[Debug] [LUA-print] dump from: [string "F:/myCode/trunkClient/bin/../res/scripts/summoner.lua"]:53: in main chunk
[Debug] [LUA-print] - "<var>" = {
[Debug] [LUA-print] -     "ID"       = ""
[Debug] [LUA-print] -     "Key"      = ""
[Debug] [LUA-print] -     "PROCPARA" = ""
[Debug] [LUA-print] - }
[Debug] [LUA-print] gClearPush
[Debug] [LUA-print] PushManager:ctor, on=true
[Debug] [LUA-print] PushManager:ctor, key=RegisterTime, date=1970-1-1 8:0
[Debug] performance: CTextureLoader onFinish 18487792
[Debug] csblink F:/myCode/trunkClient/bin/../res/ui_new/l_login/Login_Test.csb -- F:/myCode/trunkClient/bin/../res/ui_new/l_login/l_login.png
[Debug] csblink F:/myCode/trunkClient/bin/../res/ui_new/l_login/Login_Test.csb -- F:/myCode/trunkClient/bin/../res/ui_new/p_public/p_public.png
[Debug] csblink F:/myCode/trunkClient/bin/../res/ui_new/g_gamehall/g_gpub/BuygoldPanel.csb -- F:/myCode/trunkClient/bin/../res/ui_new/p_public/p_public.png
[Debug] csblink F:/myCode/trunkClient/bin/../res/ui_new/f_fight/WifiTips.csb -- F:/myCode/trunkClient/bin/../res/ui_new/p_public/p_public.png
[Debug] csblink F:/myCode/trunkClient/bin/../res/ui_new/l_login/UserAgreement.csb -- F:/myCode/trunkClient/bin/../res/ui_new/p_public/p_public.png
[Debug] csblink F:/myCode/trunkClient/bin/../res/ui_new/l_login/Login.csb -- F:/myCode/trunkClient/bin/../res/ui_new/l_login/l_login.png
[Debug] csblink F:/myCode/trunkClient/bin/../res/ui_new/l_login/Login.csb -- F:/myCode/trunkClient/bin/../res/ui_new/p_public/p_public.png
[Debug] csblink F:/myCode/trunkClient/bin/../res/ui_new/g_gamehall/g_gpub/TopTips.csb -- F:/myCode/trunkClient/bin/../res/ui_new/p_public/p_public.png
[Debug] csblink F:/myCode/trunkClient/bin/../res/ui_new/l_login/Loading.csb -- F:/myCode/trunkClient/bin/../res/ui_new/l_loading/loading.png
[Debug] csblink F:/myCode/trunkClient/bin/../res/ui_new/l_login/Loading.csb -- F:/myCode/trunkClient/bin/../res/ui_new/l_login/l_login.png
[Debug] csblink F:/myCode/trunkClient/bin/../res/ui_new/f_fight/ConnectTips.csb -- F:/myCode/trunkClient/bin/../res/ui_new/p_public/p_public.png
[Debug] csblink F:/myCode/trunkClient/bin/../res/ui_new/g_gamehall/c_chat/RecordTimeButton.csb -- F:/myCode/trunkClient/bin/../res/ui_new/p_public/p_public.png
[Debug] csblink F:/myCode/trunkClient/bin/../res/ui_new/w_worldmap/AwradItemTips.csb -- F:/myCode/trunkClient/bin/../res/ui_new/i_icon/i_icon.png
[Debug] csblink F:/myCode/trunkClient/bin/../res/ui_new/w_worldmap/AwradItemTips.csb -- F:/myCode/trunkClient/bin/../res/ui_new/i_icon/icon_head.png
[Debug] csblink F:/myCode/trunkClient/bin/../res/ui_new/w_worldmap/AwradItemTips.csb -- F:/myCode/trunkClient/bin/../res/ui_new/i_icon/icon_prop.png
[Debug] csblink F:/myCode/trunkClient/bin/../res/ui_new/w_worldmap/AwradItemTips.csb -- F:/myCode/trunkClient/bin/../res/ui_new/p_public/p_public.png
[Debug] csblink F:/myCode/trunkClient/bin/../res/ui_new/w_worldmap/AwradItemTips.csb -- F:/myCode/trunkClient/bin/../res/ui_new/p_public/p_public2.png
[Debug] csblink F:/myCode/trunkClient/bin/../res/ui_new/g_gamehall/g_gpub/TipPanel.csb -- F:/myCode/trunkClient/bin/../res/ui_new/p_public/p_public.png
[Debug] csblink F:/myCode/trunkClient/bin/../res/ui_new/g_gamehall/g_gpub/BuyEnergyPanel.csb -- F:/myCode/trunkClient/bin/../res/ui_new/p_public/p_public.png
[Debug] performance: CNewCsbLoader onLoadFinish 18487999
[Debug] CResManager::checkLoading start call m_FinishCallback
[Debug] [LUA-print] ResLoader.onFinish()
[Debug] CResManager::setFinishCallback
[Debug] [LUA-print] SceneManager.changeScene 1 prev nil
[Debug] CResManager::checkLoading call m_FinishCallback over 1.613050
[Debug] [LUA-print] SceneLogin:onEnter()
[Debug] [LUA-print] UIManager.open 67stack traceback:
	[string "common/UIManager.lua"]:326: in function 'open'
	[string "app/scenes/SceneLogin.lua"]:15: in function 'onEnter'
	[string "framework/cocos2dx/NodeEx.lua"]:143: in function 'listener_'
	[string "framework/cocos2dx/NodeEx.lua"]:428: in function 'EventDispatcher'
	[string "framework/cocos2dx/NodeEx.lua"]:271: in function <[string "framework/cocos2dx/NodeEx.lua"]:270>
[Debug] [LUA-print] ui idx -1
[Debug] [LUA-print] UIStack 1 addChild UILogin
[Debug] [LUA-print] #loadRes == 0
[Debug] [LUA-print] open Callback stack traceback:
	[string "common/UIManager.lua"]:356: in function 'finishCallback'
	[string "common/UIManager.lua"]:278: in function 'prepareUIRes'
	[string "common/UIManager.lua"]:375: in function 'open'
	[string "app/scenes/SceneLogin.lua"]:15: in function 'onEnter'
	[string "framework/cocos2dx/NodeEx.lua"]:143: in function 'listener_'
	[string "framework/cocos2dx/NodeEx.lua"]:428: in function 'EventDispatcher'
	[string "framework/cocos2dx/NodeEx.lua"]:271: in function <[string "framework/cocos2dx/NodeEx.lua"]:270>
[Debug] [LUA-print] getOrCreateUI 67
[Debug] [LUA-print] game/login/
[Debug] [LUA-print] =================== Lua raiseEvent !!!!
[Debug] [LUA-print] ===== raise event begin =====708
[Debug] [LUA-print] ----------------- execute callback ------------- begin708
[Debug] [LUA-print] ----------------- execute callback ------------- end708
[Debug] [LUA-print] ===== raise event end =====708
[Debug] [LUA-print] execute uiNode:onOpen(fromUIID, ...)
[Debug] [LUA-print] setEventListener -100
[Debug] [LUA-print] setEventListener -101
[Debug] [LUA-print] setEventListener -103
[Debug] [LUA-print] 获取userId1205285
[Debug] [LUA-print] openCallback
[Debug] [LUA-print] =================== Lua raiseEvent !!!!
[Debug] [LUA-print] UIManager.open 68stack traceback:
	[string "common/UIManager.lua"]:326: in function 'open'
	[string "game/login/UILogin.lua"]:154: in function <[string "game/login/UILogin.lua"]:122>
[Debug] [LUA-print] ui idx -1
[Debug] [LUA-print] UIStack 2 addChild UIServerList
[Debug] performance: CNewCsbLoader Load ui_new/l_login/OnlineMode.csb
[Debug] CResManager::setFinishCallback
[Debug] csblink F:/myCode/trunkClient/bin/../res/ui_new/l_login/OnlineMode.csb -- F:/myCode/trunkClient/bin/../res/ui_new/l_login/l_login.png
[Debug] csblink F:/myCode/trunkClient/bin/../res/ui_new/l_login/OnlineMode.csb -- F:/myCode/trunkClient/bin/../res/ui_new/p_public/p_public.png
[Debug] performance: CNewCsbLoader onLoadFinish 18491660
[Debug] CResManager::checkLoading start call m_FinishCallback
[Debug] CResManager::setFinishCallback
[Debug] [LUA-print] open Callback stack traceback:
	[string "common/UIManager.lua"]:356: in function 'finishCallback'
	[string "common/UIManager.lua"]:273: in function <[string "common/UIManager.lua"]:271>
[Debug] [LUA-print] getOrCreateUI 68
[Debug] [LUA-print] game/login/
[Debug] [LUA-print] updateUI hide ui 1
[Debug] [LUA-print] =================== Lua raiseEvent !!!!
[Debug] [LUA-print] ===== raise event begin =====708
[Debug] [LUA-print] ----------------- execute callback ------------- begin708
[Debug] [LUA-print] ----------------- execute callback ------------- end708
[Debug] [LUA-print] ===== raise event end =====708
[Debug] [LUA-print] execute uiNode:onOpen(fromUIID, ...)
[Debug] [LUA-print] playAnimate
[Debug] CResManager::checkLoading call m_FinishCallback over 0.029042
[Debug] [LUA-print] =================== Lua raiseEvent !!!!
[Debug] [LUA-print] close ui 68 ui Name UIServerList
[Debug] [LUA-print] UIStack 1
[Debug] [LUA-print] =================== Lua raiseEvent !!!!
[Debug] [LUA-print] ===== raise event begin =====704
[Debug] [LUA-print] ----------------- execute callback ------------- begin704
[Debug] [LUA-print] ----------------- execute callback ------------- end704
[Debug] [LUA-print] ===== raise event end =====704
[Debug] [LUA-print] 请求连接服务器127.0.0.1
[Debug] debug: KxSock::connect 127.0.0.1 : 5555 socket -1
[Error] error: KxTCPConnector::onSend sock 564 errno 10061
[Debug] [LUA-print] =================== Lua raiseEvent !!!!
[Debug] [LUA-print] ===== raise event begin =====-101
[Debug] [LUA-print] ----------------- execute callback ------------- begin-101
[Debug] [LUA-print] UIManager.open 69stack traceback:
	[string "common/UIManager.lua"]:326: in function 'open'
	[string "game/login/UILogin.lua"]:246: in function 'callback'
	[string "common/EventManager.lua"]:57: in function <[string "common/EventManager.lua"]:49>
[Debug] [LUA-print] ui idx -1
[Debug] [LUA-print] UIStack 2 addChild UIDialogBox
[Debug] [LUA-print] #loadRes == 0
[Debug] [LUA-print] open Callback stack traceback:
	[string "common/UIManager.lua"]:356: in function 'finishCallback'
	[string "common/UIManager.lua"]:278: in function 'prepareUIRes'
	[string "common/UIManager.lua"]:375: in function 'open'
	[string "game/login/UILogin.lua"]:246: in function 'callback'
	[string "common/EventManager.lua"]:57: in function <[string "common/EventManager.lua"]:49>
[Debug] [LUA-print] getOrCreateUI 69
[Debug] [LUA-print] game/comm/
[Debug] [LUA-print] =================== Lua raiseEvent !!!!
[Debug] [LUA-print] ===== raise event begin =====708
[Debug] [LUA-print] ----------------- execute callback ------------- begin708
[Debug] [LUA-print] ----------------- execute callback ------------- end708
[Debug] [LUA-print] ===== raise event end =====708
[Debug] [LUA-print] execute uiNode:onOpen(fromUIID, ...)
[Debug] [LUA-print] playAnimate
[Debug] [LUA-print] 连接失败
[Debug] [LUA-print] ----------------- execute callback ------------- end-101
[Debug] [LUA-print] ===== raise event end =====-101
[Debug] [LUA-print] =================== Lua raiseEvent !!!!
